WARNING: A restricted method in java.lang.System has been called
WARNING: java.lang.System::load has been called by net.rubygrapefruit.platform.internal.NativeLibraryLoader in an unnamed module (file:/Users/micheleciavotta/.gradle/wrapper/dists/gradle-8.7-bin/bhs2wmbdwecv87pi65oeuq5iu/gradle-8.7/lib/native-platform-0.22-milestone-25.jar)
WARNING: Use --enable-native-access=ALL-UNNAMED to avoid a warning for callers in this module
WARNING: Restricted methods will be blocked in a future release unless native access is enabled

To honour the JVM settings for this build a single-use Daemon process will be forked. For more on this, please refer to https://docs.gradle.org/8.7/userguide/gradle_daemon.html#sec:disabling_the_daemon in the Gradle documentation.
Daemon will be stopped at the end of the build 
> Task :clean UP-TO-DATE
> Task :common:clean
> Task :control-plane:clean
> Task :function-runtime:clean UP-TO-DATE
> Task :compileJava NO-SOURCE
> Task :processResources NO-SOURCE
> Task :classes UP-TO-DATE
> Task :compileTestJava NO-SOURCE
> Task :processTestResources NO-SOURCE
> Task :testClasses UP-TO-DATE
> Task :test NO-SOURCE
> Task :common:compileJava
> Task :common:processResources NO-SOURCE
> Task :common:classes
> Task :common:jar
> Task :common:compileTestJava NO-SOURCE
> Task :common:processTestResources NO-SOURCE
> Task :common:testClasses UP-TO-DATE
> Task :common:test NO-SOURCE

> Task :control-plane:compileJava
Note: /Users/micheleciavotta/Downloads/mcFaas/control-plane/src/main/java/com/nanofaas/controlplane/core/QueueManager.java uses or overrides a deprecated API.
Note: Recompile with -Xlint:deprecation for details.

> Task :control-plane:processResources
> Task :control-plane:classes
> Task :control-plane:compileAotJava NO-SOURCE
> Task :control-plane:processAotResources NO-SOURCE
> Task :control-plane:aotClasses UP-TO-DATE
> Task :control-plane:collectReachabilityMetadata
> Task :control-plane:resolveMainClassName
> Task :control-plane:bootJar

> Task :control-plane:compileTestJava
Note: /Users/micheleciavotta/Downloads/mcFaas/control-plane/src/test/java/com/nanofaas/controlplane/e2e/K8sE2eTest.java uses or overrides a deprecated API.
Note: Recompile with -Xlint:deprecation for details.
Note: /Users/micheleciavotta/Downloads/mcFaas/control-plane/src/test/java/com/nanofaas/controlplane/ControlPlaneApiTest.java uses unchecked or unsafe operations.
Note: Recompile with -Xlint:unchecked for details.

> Task :control-plane:processTestResources NO-SOURCE
> Task :control-plane:testClasses
> Task :control-plane:compileAotTestJava NO-SOURCE
> Task :control-plane:processAotTestResources NO-SOURCE
> Task :control-plane:aotTestClasses UP-TO-DATE
> Task :function-runtime:compileJava
> Task :function-runtime:processResources
> Task :function-runtime:classes
> Task :function-runtime:compileAotJava NO-SOURCE
> Task :function-runtime:processAotResources NO-SOURCE
> Task :function-runtime:aotClasses UP-TO-DATE
> Task :function-runtime:collectReachabilityMetadata
> Task :function-runtime:resolveMainClassName
> Task :function-runtime:bootJar
OpenJDK 64-Bit Server VM warning: Sharing is only supported for boot loader classes because bootstrap classpath has been appended
2026-01-25T20:12:08.301+01:00  INFO 12785 --- [ionShutdownHook] com.nanofaas.controlplane.core.Scheduler   : Scheduler stopping...
2026-01-25T20:12:08.301+01:00  INFO 12785 --- [ionShutdownHook] com.nanofaas.controlplane.core.Scheduler   : Scheduler stopped

> Task :control-plane:test

BuildpackE2eTest > initializationError FAILED
    java.lang.IllegalStateException at BuildpackE2eTest.java:35

K8sE2eTest > initializationError FAILED
    java.lang.IllegalStateException at K8sE2eTest.java:39

59 tests completed, 2 failed, 2 skipped

> Task :control-plane:test FAILED

FAILURE: Build failed with an exception.

* What went wrong:
Execution failed for task ':control-plane:test'.
> There were failing tests. See the report at: file:///Users/micheleciavotta/Downloads/mcFaas/control-plane/build/reports/tests/test/index.html

* Try:
> Run with --scan to get full insights.

BUILD FAILED in 17s
18 actionable tasks: 16 executed, 2 up-to-date
